[0m22:34:07.071638 [debug] [MainThread]: Sending event: {'category': 'dbt', 'action': 'invocation', 'label': 'start', 'context': [<snowplow_tracker.self_describing_json.SelfDescribingJson object at 0x7f37aa815f10>, <snowplow_tracker.self_describing_json.SelfDescribingJson object at 0x7f37aa8143d0>, <snowplow_tracker.self_describing_json.SelfDescribingJson object at 0x7f37aa806950>]}


============================== 22:34:07.073944 | 09bbcb1c-52a5-4312-9c3e-42c641b9dd4d ==============================
[0m22:34:07.073944 [info ] [MainThread]: Running with dbt=1.7.4
[0m22:34:07.074421 [debug] [MainThread]: running dbt with arguments {'printer_width': '80', 'indirect_selection': 'eager', 'write_json': 'True', 'log_cache_events': 'False', 'partial_parse': 'True', 'cache_selected_only': 'False', 'profiles_dir': '/home/longnguyen/.dbt', 'debug': 'False', 'version_check': 'True', 'log_path': 'logs', 'warn_error': 'None', 'fail_fast': 'False', 'use_colors': 'True', 'use_experimental_parser': 'False', 'no_print': 'None', 'quiet': 'False', 'log_format': 'default', 'invocation_command': 'dbt init cosmosproject', 'warn_error_options': 'WarnErrorOptions(include=[], exclude=[])', 'static_parser': 'True', 'target_path': 'None', 'introspect': 'True', 'send_anonymous_usage_stats': 'True'}
[0m22:34:07.075193 [debug] [MainThread]: Starter project path: /home/longnguyen/Documents/Coding/Project/ETL-ELT/Snowflake_DBT_AirFlow_Astro_Cosmos_Pipeline/Airflow_DBT_env/lib/python3.11/site-packages/dbt/include/starter_project
[0m22:34:07.077462 [info ] [MainThread]: 
Your new dbt project "cosmosproject" was created!

For more information on how to configure the profiles.yml file,
please consult the dbt documentation here:

  https://docs.getdbt.com/docs/configure-your-profile

One more thing:

Need help? Don't hesitate to reach out to us via GitHub issues or on Slack:

  https://community.getdbt.com/

Happy modeling!

[0m22:34:07.077872 [info ] [MainThread]: Setting up your profile.
[0m22:44:18.464934 [info ] [MainThread]: Profile cosmosproject written to /home/longnguyen/.dbt/profiles.yml using target's profile_template.yml and your supplied values. Run 'dbt debug' to validate the connection.
[0m22:44:18.476483 [debug] [MainThread]: Resource report: {"command_name": "init", "command_success": true, "command_wall_clock_time": 611.4346, "process_user_time": 1.390784, "process_kernel_time": 0.133418, "process_mem_max_rss": "111344", "process_in_blocks": "1200", "process_out_blocks": "80"}
[0m22:44:18.477293 [debug] [MainThread]: Command `dbt init` succeeded at 22:44:18.477125 after 611.44 seconds
[0m22:44:18.477777 [debug] [MainThread]: Sending event: {'category': 'dbt', 'action': 'invocation', 'label': 'end', 'context': [<snowplow_tracker.self_describing_json.SelfDescribingJson object at 0x7f37aa857510>, <snowplow_tracker.self_describing_json.SelfDescribingJson object at 0x7f37aa9efa50>, <snowplow_tracker.self_describing_json.SelfDescribingJson object at 0x7f37aea5f850>]}
[0m22:44:18.478348 [debug] [MainThread]: Flushing usage events
[0m22:48:24.314893 [debug] [MainThread]: Sending event: {'category': 'dbt', 'action': 'invocation', 'label': 'start', 'context': [<snowplow_tracker.self_describing_json.SelfDescribingJson object at 0x7f7a5e015d10>, <snowplow_tracker.self_describing_json.SelfDescribingJson object at 0x7f7a5e014250>, <snowplow_tracker.self_describing_json.SelfDescribingJson object at 0x7f7a5e014cd0>]}


============================== 22:48:24.317756 | 3b83de71-da2a-488a-9958-813d8c93b525 ==============================
[0m22:48:24.317756 [info ] [MainThread]: Running with dbt=1.7.4
[0m22:48:24.318229 [debug] [MainThread]: running dbt with arguments {'printer_width': '80', 'indirect_selection': 'eager', 'log_cache_events': 'False', 'write_json': 'True', 'partial_parse': 'True', 'cache_selected_only': 'False', 'profiles_dir': '/home/longnguyen/.dbt', 'debug': 'False', 'fail_fast': 'False', 'log_path': 'logs', 'warn_error': 'None', 'version_check': 'True', 'use_colors': 'True', 'use_experimental_parser': 'False', 'no_print': 'None', 'quiet': 'False', 'log_format': 'default', 'invocation_command': 'dbt debug', 'static_parser': 'True', 'warn_error_options': 'WarnErrorOptions(include=[], exclude=[])', 'target_path': 'None', 'introspect': 'True', 'send_anonymous_usage_stats': 'True'}
[0m22:48:24.318689 [info ] [MainThread]: dbt version: 1.7.4
[0m22:48:24.318991 [info ] [MainThread]: python version: 3.11.6
[0m22:48:24.319300 [info ] [MainThread]: python path: /home/longnguyen/Documents/Coding/Project/ETL-ELT/Snowflake_DBT_AirFlow_Astro_Cosmos_Pipeline/Airflow_DBT_env/bin/python3
[0m22:48:24.319608 [info ] [MainThread]: os info: Linux-6.5.0-14-generic-x86_64-with-glibc2.38
[0m22:48:24.474472 [info ] [MainThread]: Error importing adapter: No module named 'dbt.adapters.postgres'
[0m22:48:24.475704 [info ] [MainThread]: Error importing adapter: No module named 'dbt.adapters.postgres'
[0m22:48:24.476170 [info ] [MainThread]: Using profiles dir at /home/longnguyen/.dbt
[0m22:48:24.476456 [info ] [MainThread]: Using profiles.yml file at /home/longnguyen/.dbt/profiles.yml
[0m22:48:24.476740 [info ] [MainThread]: Using dbt_project.yml file at /home/longnguyen/Documents/Coding/Project/ETL-ELT/Snowflake_DBT_AirFlow_Astro_Cosmos_Pipeline/dags/dbt/dbt_project.yml
[0m22:48:24.477032 [info ] [MainThread]: Configuration:
[0m22:48:24.477297 [info ] [MainThread]:   profiles.yml file [[31mERROR invalid[0m]
[0m22:48:24.477567 [info ] [MainThread]:   dbt_project.yml file [[31mERROR not found[0m]
[0m22:48:24.477835 [info ] [MainThread]: Required dependencies:
[0m22:48:24.478123 [debug] [MainThread]: Executing "git --help"
[0m22:48:24.480055 [debug] [MainThread]: STDOUT: "b"usage: git [-v | --version] [-h | --help] [-C <path>] [-c <name>=<value>]\n           [--exec-path[=<path>]] [--html-path] [--man-path] [--info-path]\n           [-p | --paginate | -P | --no-pager] [--no-replace-objects] [--bare]\n           [--git-dir=<path>] [--work-tree=<path>] [--namespace=<name>]\n           [--config-env=<name>=<envvar>] <command> [<args>]\n\nThese are common Git commands used in various situations:\n\nstart a working area (see also: git help tutorial)\n   clone     Clone a repository into a new directory\n   init      Create an empty Git repository or reinitialize an existing one\n\nwork on the current change (see also: git help everyday)\n   add       Add file contents to the index\n   mv        Move or rename a file, a directory, or a symlink\n   restore   Restore working tree files\n   rm        Remove files from the working tree and from the index\n\nexamine the history and state (see also: git help revisions)\n   bisect    Use binary search to find the commit that introduced a bug\n   diff      Show changes between commits, commit and working tree, etc\n   grep      Print lines matching a pattern\n   log       Show commit logs\n   show      Show various types of objects\n   status    Show the working tree status\n\ngrow, mark and tweak your common history\n   branch    List, create, or delete branches\n   commit    Record changes to the repository\n   merge     Join two or more development histories together\n   rebase    Reapply commits on top of another base tip\n   reset     Reset current HEAD to the specified state\n   switch    Switch branches\n   tag       Create, list, delete or verify a tag object signed with GPG\n\ncollaborate (see also: git help workflows)\n   fetch     Download objects and refs from another repository\n   pull      Fetch from and integrate with another repository or a local branch\n   push      Update remote refs along with associated objects\n\n'git help -a' and 'git help -g' list available subcommands and some\nconcept guides. See 'git help <command>' or 'git help <concept>'\nto read about a specific subcommand or concept.\nSee 'git help git' for an overview of the system.\n""
[0m22:48:24.480479 [debug] [MainThread]: STDERR: "b''"
[0m22:48:24.480741 [info ] [MainThread]:  - git [[32mOK found[0m]

[0m22:48:24.481013 [info ] [MainThread]: Connection test skipped since no profile was found
[0m22:48:24.481297 [info ] [MainThread]: [31m2 checks failed:[0m
[0m22:48:24.481577 [info ] [MainThread]: Could not load dbt_project.yml
Profile loading failed for the following reason:
Runtime Error
  Credentials in profile "my_dbt", target "dev" invalid: Runtime Error
    Could not find adapter type postgres!

Runtime Error
  Credentials in profile "warehouse", target "dev" invalid: Runtime Error
    Could not find adapter type postgres!


[0m22:48:24.481855 [info ] [MainThread]: Project loading failed for the following reason:
 project path </home/longnguyen/Documents/Coding/Project/ETL-ELT/Snowflake_DBT_AirFlow_Astro_Cosmos_Pipeline/dags/dbt/dbt_project.yml> not found

[0m22:48:24.482512 [debug] [MainThread]: Resource report: {"command_name": "debug", "command_wall_clock_time": 0.19760488, "process_user_time": 1.402538, "process_kernel_time": 0.155837, "process_mem_max_rss": "111956", "process_out_blocks": "24", "command_success": false, "process_in_blocks": "0"}
[0m22:48:24.482950 [debug] [MainThread]: Command `dbt debug` failed at 22:48:24.482849 after 0.20 seconds
[0m22:48:24.483272 [debug] [MainThread]: Sending event: {'category': 'dbt', 'action': 'invocation', 'label': 'end', 'context': [<snowplow_tracker.self_describing_json.SelfDescribingJson object at 0x7f7a5e006610>, <snowplow_tracker.self_describing_json.SelfDescribingJson object at 0x7f7a5de66ad0>, <snowplow_tracker.self_describing_json.SelfDescribingJson object at 0x7f7a5dff39d0>]}
[0m22:48:24.483618 [debug] [MainThread]: Flushing usage events
